111 111 221 411 211 211 213 113 2112 
111 111 421 2112 
111 111 431 333 213 3122 
111 113 421 2112 
111 211 311 213 431 2212 
111 211 4122 
111 211 413 211 213 111 2112 
111 211 421 113 113 111 211 2112 
111 2112 2112 423 2112 
111 213 113 421 2212 
111 221 223 411 213 111 2112 
111 223 213 413 2112 
111 331 411 213 2112 
113 211 213 411 211 331 2112 
113 221 111 223 211 4122 
113 411 211 111 113 221 2112 
113 413 213 2112 
113 421 211 211 213 211 211 213 2112 
113 423 2112 
113 423 213 2212 
211 111 213 413 213 2112 
211 111 4122 
211 211 211 113 2212 2212 4122 
211 211 421 111 213 2212 
211 2212 323 3122 4122 
211 2224 221 4222 2212 
211 311 321 221 213 4122 
211 323 423 3122 
211 411 331 223 221 2112 
211 413 111 211 211 2112 
211 413 113 213 223 111 2212 
211 413 211 221 211 111 2112 
211 413 223 111 211 213 2112 
211 413 331 2112 
211 421 223 113 113 2212 
211 421 331 213 113 211 2212 
211 423 111 213 211 2212 
211 423 331 223 2212 
213 111 113 223 4122 
213 111 113 4122 
213 111 211 323 431 2112 
213 111 4122 
213 211 323 211 323 4122 
213 213 111 323 431 2112 
213 213 211 331 111 211 211 111 4122 
213 221 111 223 111 4122 
213 421 211 213 2212 
213 423 211 323 321 211 211 211 2212 
213 423 213 2112 
221 213 211 111 211 4122 
221 213 413 211 223 211 2112 
221 221 211 423 2212 
221 321 211 111 413 4122 
221 331 423 2112 
221 413 111 111 211 111 223 2112 
221 413 211 211 111 211 2112 
223 111 2212 211 1114 4122 
223 211 111 4122 
223 211 411 321 321 223 2112 
223 223 331 423 2112 
223 313 423 3122 
223 331 423 223 2112 
223 433 213 211 311 211 2112 
311 223 413 4122 
311 311 443 3122 
311 413 4122 
311 421 211 313 211 2112 
311 423 113 211 4122 
311 433 431 2112 
311 441 2112 
311 443 2112 
313 221 411 4122 
313 311 413 211 2112 
313 413 111 4122 
313 423 323 111 2212 
313 443 2112 
321 111 111 413 213 313 2212 
321 211 423 421 2112 
321 211 433 323 3122 
321 211 443 2112 
321 313 423 311 211 313 2112 
321 411 411 111 2212 
321 413 211 423 2212 
321 413 413 2212 
321 421 413 211 2212 
321 423 111 423 2212 
321 423 413 211 2212 
321 423 423 2212 
321 443 2212 
323 111 111 423 4122 
323 213 443 2112 
323 421 4122 
323 423 111 4122 
323 423 4122 
323 441 2212 
323 443 2212 
333 433 4122 
333 443 3122 
411 111 111 413 111 3122 
411 211 211 113 221 2212 
411 211 321 421 2212 
411 211 423 3122 
411 213 111 111 223 2112 
411 213 313 211 111 311 2212 
411 311 413 111 2112 
411 321 211 221 4122 
411 321 313 2112 
411 321 411 211 2112 
411 413 3122 
411 421 211 111 3122 
411 431 2112 
411 433 2112 
413 111 213 111 323 211 3122 
413 111 313 323 2112 
413 111 313 4122 
413 111 413 3122 
413 113 221 211 221 2112 
413 211 211 313 213 3122 
413 211 2112 
413 211 213 111 313 111 311 211 2112 
413 211 213 211 2112 
413 211 213 2212 
413 211 223 213 211 213 211 2112 
413 211 311 423 2112 
413 211 313 313 2112 
413 211 313 331 3122 
413 211 321 311 213 2112 
413 211 323 323 2112 
413 211 323 4122 
413 211 423 3122 
413 213 111 223 223 2112 
413 213 211 211 2112 
413 213 213 111 2212 
413 221 211 111 2112 
413 223 111 111 213 2112 
413 311 111 211 223 3122 
413 311 4122 
413 313 211 3122 
413 313 4122 
413 323 211 4122 
413 411 211 211 3122 
413 411 3122 
413 413 3122 
413 423 311 2212 
413 433 2112 
421 211 111 211 2112 
421 211 211 323 4122 
421 213 113 2212 
421 221 113 221 2112 
421 311 421 2112 
421 321 423 2212 
421 323 313 2212 
421 323 4122 
421 413 211 3122 
421 421 211 211 3122 
421 421 3122 
421 423 3122 
423 111 211 213 111 2112 
423 111 211 213 2112 
423 111 423 3122 
423 113 211 2212 
423 211 113 211 221 213 111 2212 
423 211 211 221 213 2212 
423 211 213 211 211 213 111 2212 
423 211 213 221 221 2112 
423 213 211 211 111 2212 
423 213 211 2112 
423 223 2112 
423 223 331 213 2212 
423 311 423 2112 
423 321 4122 
423 321 423 2212 
423 413 211 3122 
423 421 3122 
423 423 3122 
423 423 321 2212 
423 433 2212 
431 211 313 211 211 213 2212 
431 213 331 313 111 2112 
431 221 4122 
433 211 113 113 3122 
433 211 313 111 213 211 2112 
433 211 331 213 111 211 3122 
433 2212 
433 331 4122 
433 433 3122 
443 3122 
443 3122 211 211 
443 3122 211 211 22 
443 3122 211 211 22 22 
443 3124 211 211 
443 3124 211 211 22 
443 321 2212 
443 321 2212 22 
443 323 2212 
443 323 2212 22 
443 33122 
2112 111 2112 211 4122 
2112 421 
2212 111 213 111 111 113 111 111 
2212 211 111 
2212 211 211 211 213 213 
2212 211 211 213 111 113 
2212 211 213 323 311 
2212 213 111 311 311 113 
2212 213 113 
2212 213 2112 2112 
2212 213 223 213 211 223 
2212 411 313 
2212 411 313 333 
2212 4122 3122 
2212 413 211 111 323 
2212 413 211 113 321 
2212 413 211 321 
2212 413 211 323 
2212 413 223 311 
2212 413 311 
2212 413 313 
2212 421 113 321 
2212 423 223 321 
2212 423 321 
2212 423 323 
2224 211 211 4122 2212 
3122 311 211 211 211 211 
3122 311 211 211 211 211 22 
3122 441 
3122 443 
4112 331 
4122 11 12 
4122 11 12 22 
4122 11 12 22 22 
4122 111 111 113 213 113 
4122 111 111 211 
4122 111 111 211 111 113 
4122 111 111 211 211 331 111 211 
4122 111 111 211 223 
4122 111 111 213 
4122 111 111 213 311 323 111 211 111 
4122 111 113 211 
4122 111 113 211 213 211 111 
4122 111 113 211 311 313 
4122 111 113 213 
4122 111 113 213 113 
4122 111 211 
4122 111 211 111 111 111 
4122 111 211 111 213 111 213 
4122 111 211 111 313 321 213 
4122 111 211 113 
4122 111 211 113 223 111 
4122 111 211 211 111 213 113 
4122 111 211 211 211 211 211 221 211 211 111 
4122 111 211 211 213 
4122 111 211 211 213 111 221 111 111 
4122 111 211 211 213 211 211 
4122 111 211 213 211 
4122 111 211 213 211 22 
4122 111 211 213 213 
4122 111 211 221 111 
4122 111 211 221 213 223 211 111 
4122 111 211 223 
4122 111 211 311 313 
4122 111 211 313 321 223 111 211 
4122 111 213 
4122 111 213 111 
4122 111 213 111 211 211 
4122 111 213 111 221 
4122 111 213 113 
4122 111 213 211 211 
4122 111 213 211 211 223 211 211 
4122 111 213 221 
4122 111 213 221 111 
4122 111 213 223 
4122 111 213 223 223 
4122 111 213 311 313 
4122 111 221 211 
4122 111 221 321 311 211 211 
4122 111 2212 2112 
4122 111 2212 2212 211 211 211 
4122 111 223 111 213 
4122 111 223 113 211 
4122 111 223 213 
4122 111 223 213 211 211 
4122 111 321 221 321 211 
4122 111 321 313 
4122 111 321 321 111 211 
4122 111 321 323 211 
4122 111 323 313 211 211 
4122 113 111 111 211 
4122 113 111 211 
4122 113 111 211 111 223 
4122 113 111 223 211 223 
4122 113 111 321 323 211 
4122 113 113 111 213 111 111 
4122 113 113 211 113 
4122 113 211 
4122 113 211 111 
4122 113 211 113 
4122 113 211 211 111 211 223 211 211 
4122 113 211 211 211 
4122 113 211 211 223 211 211 211 
4122 113 211 213 211 
4122 113 211 213 323 321 211 
4122 113 211 223 
4122 113 211 223 223 
4122 113 213 
4122 113 213 111 
4122 113 221 111 211 211 211 
4122 113 2212 2112 
4122 113 223 211 
4122 13 14 
4122 15 16 
4122 20213 
4122 211 
4122 211 111 
4122 211 111 111 
4122 211 111 111 211 211 113 
4122 211 111 111 211 213 223 
4122 211 111 111 213 221 211 
4122 211 111 111 22 
4122 211 111 111 221 
4122 211 111 113 
4122 211 111 113 211 111 211 
4122 211 111 113 211 211 
4122 211 111 113 211 331 213 
4122 211 111 211 211 
4122 211 111 211 211 211 211 
4122 211 111 211 213 
4122 211 111 211 223 213 
4122 211 111 2114 211 2212 
4122 211 111 213 211 
4122 211 111 213 211 111 111 
4122 211 111 221 111 
4122 211 111 223 
4122 211 111 311 321 211 
4122 211 113 
4122 211 113 111 
4122 211 113 113 111 
4122 211 113 113 221 
4122 211 113 211 213 111 
4122 211 113 213 111 211 
4122 211 113 213 211 
4122 211 113 213 213 
4122 211 113 22 
4122 211 113 221 
4122 211 113 221 211 211 
4122 211 211 111 113 213 
4122 211 211 111 113 213 211 213 
4122 211 211 111 113 223 211 
4122 211 211 111 211 
4122 211 211 111 211 111 
4122 211 211 111 211 213 211 
4122 211 211 111 211 331 113 
4122 211 211 113 111 211 
4122 211 211 113 113 213 
4122 211 211 113 211 
4122 211 211 211 
4122 211 211 211 111 
4122 211 211 211 111 221 
4122 211 211 211 113 313 323 211 
4122 211 211 211 213 111 211 
4122 211 211 211 22 
4122 211 211 211 223 213 211 
4122 211 211 213 
4122 211 211 213 211 111 211 
4122 211 211 213 213 211 
4122 211 211 213 223 
4122 211 211 221 113 213 
4122 211 211 223 211 
4122 211 211 223 211 111 
4122 211 211 223 211 111 223 
4122 211 211 223 223 211 113 
4122 211 213 111 211 
4122 211 213 111 213 
4122 211 213 211 
4122 211 213 211 111 113 
4122 211 213 211 213 211 
4122 211 213 211 221 221 
4122 211 213 213 
4122 211 213 221 211 
4122 211 213 223 213 
4122 211 213 323 323 111 211 
4122 211 22 
4122 211 221 
4122 211 221 111 
4122 211 221 111 113 
4122 211 221 113 
4122 211 221 211 213 
4122 211 221 223 223 
4122 211 2212 2212 
4122 211 2214 211 2114 
4122 211 223 
4122 211 223 111 223 111 
4122 211 223 211 111 211 
4122 211 223 211 113 221 211 
4122 211 223 211 213 
4122 211 223 211 223 211 
4122 211 223 211 223 213 
4122 211 223 213 213 111 
4122 211 223 221 
4122 211 223 223 
4122 211 223 223 111 
4122 211 223 223 221 
4122 211 223 311 313 
4122 211 223 313 311 
4122 211 311 311 
4122 211 311 311 113 211 213 
4122 211 311 313 221 111 
4122 211 311 323 211 
4122 211 311 333 311 111 
4122 211 313 321 211 
4122 211 313 321 213 211 211 
4122 211 313 323 111 211 
4122 211 331 
4122 211 331 211 113 211 223 
4122 211 331 211 211 
4122 211 331 211 213 
4122 211 331 211 213 111 
4122 213 
4122 213 111 
4122 213 111 111 
4122 213 111 113 
4122 213 111 211 211 
4122 213 111 213 211 
4122 213 111 213 213 
4122 213 111 223 
4122 213 111 331 
4122 213 113 
4122 213 113 111 
4122 213 113 113 
4122 213 113 211 111 211 113 
4122 213 113 211 213 
4122 213 113 223 
4122 213 211 111 331 211 
4122 213 211 211 
4122 213 211 211 211 211 111 
4122 213 211 211 211 213 
4122 213 211 211 213 211 
4122 213 211 213 
4122 213 211 213 22 
4122 213 211 213 223 
4122 213 211 221 211 
4122 213 211 221 211 213 211 
4122 213 213 111 111 211 211 211 
4122 213 213 111 211 213 213 
4122 213 213 211 
4122 213 213 211 111 
4122 213 213 211 221 
4122 213 213 213 
4122 213 22 
4122 213 221 
4122 213 221 111 
4122 213 221 111 113 
4122 213 221 113 
4122 213 221 113 211 211 
4122 213 221 211 111 211 211 211 223 
4122 213 221 211 211 
4122 213 223 
4122 213 223 111 
4122 213 223 113 111 
4122 213 313 311 211 211 
4122 213 331 
4122 213 331 211 223 211 
4122 221 111 211 311 221 321 211 
4122 221 111 213 
4122 221 211 
4122 221 211 111 223 221 
4122 221 211 111 223 223 
4122 221 211 113 
4122 221 211 211 113 211 
4122 221 211 211 211 
4122 221 213 
4122 221 213 213 111 211 
4122 221 213 221 
4122 221 221 211 113 
4122 221 2212 111 211 2212 
4122 221 223 211 223 
4122 2212 2112 
4122 2212 2112 111 111 22 
4122 2212 2112 113 111 
4122 2212 2212 211 211 211 
4122 2224 211 2114 
4122 223 111 111 213 
4122 223 111 211 
4122 223 111 211 221 
4122 223 111 211 221 111 221 
4122 223 111 321 321 211 
4122 223 113 211 
4122 223 211 
4122 223 211 111 
4122 223 211 111 111 221 
4122 223 211 111 331 
4122 223 211 113 
4122 223 211 113 111 111 
4122 223 211 211 323 311 
4122 223 211 213 211 
4122 223 211 221 
4122 223 213 
4122 223 213 111 
4122 223 213 111 111 
4122 223 213 111 211 111 213 
4122 223 213 111 22 
4122 223 213 211 213 
4122 223 213 223 
4122 223 213 311 311 111 
4122 223 221 211 
4122 223 221 211 111 
4122 223 221 211 113 
4122 223 223 111 211 
4122 223 223 211 
4122 223 223 211 221 
4122 321 311 
4122 321 311 111 
4122 321 311 113 
4122 321 311 221 
4122 321 311 223 
4122 321 311 223 223 
4122 321 313 
4122 321 313 211 211 
4122 321 313 223 
4122 321 321 211 
4122 321 321 213 
4122 321 321 213 111 
4122 321 323 111 211 
4122 321 323 211 
4122 321 323 213 
4122 321 323 213 111 
4122 321 333 311 111 221 
4122 323 311 
4122 323 311 111 
4122 323 311 213 211 
4122 323 311 221 223 
4122 323 311 223 211 211 
4122 323 311 331 
4122 323 313 
4122 323 313 111 
4122 323 313 211 111 211 111 
4122 323 321 211 
4122 323 321 211 113 
4122 323 321 211 211 211 
4122 323 321 211 22 
4122 323 321 211 221 
4122 323 321 213 
4122 323 323 211 
4122 323 323 211 113 
4122 323 323 213 221 
4122 331 111 211 
4122 331 111 211 113 
4122 331 113 111 211 
4122 331 211 211 211 
4122 331 213 
4122 331 213 111 111 
4122 431 
4122 433 
4122 433 22 
14122 11 12 
14122 11 12 22 
14122 13 14 
14122 13 14 22 
14122 15 16 
14124 11 12 
14124 13 14 
14124 15 16 
100443 3122 
100443 3124 
